0 info it worked if it ends with ok
1 verbose cli [ '/usr/local/bin/node', '/usr/local/bin/npm', 'run', 'dev' ]
2 info using npm@3.10.3
3 info using node@v6.4.0
4 verbose run-script [ 'predev', 'dev', 'postdev' ]
5 info lifecycle exercise@1.0.0~predev: exercise@1.0.0
6 silly lifecycle exercise@1.0.0~predev: no script for predev, continuing
7 info lifecycle exercise@1.0.0~dev: exercise@1.0.0
8 verbose lifecycle exercise@1.0.0~dev: unsafe-perm in lifecycle true
9 verbose lifecycle exercise@1.0.0~dev: PATH: /usr/local/lib/node_modules/npm/bin/node-gyp-bin:/Users/ripzery/PhpStormProjects/basic_javascript_workshop/day2/exercise/node_modules/.bin:/usr/local/bin:/Users/ripzery/.npm-packages/bin:/usr/local/share/npm/bin:/Users/ripzery/Library/Android/sdk/tools:/Users/ripzery/Library/Android/sdk/platform-tools:/usr/bin:/bin:/usr/sbin:/sbin:/usr/local/bin:/usr/bin:/bin:/usr/sbin:/sbin
10 verbose lifecycle exercise@1.0.0~dev: CWD: /Users/ripzery/PhpStormProjects/basic_javascript_workshop/day2/exercise
11 silly lifecycle exercise@1.0.0~dev: Args: [ '-c', 'babel-node src/index.js' ]
12 silly lifecycle exercise@1.0.0~dev: Returned: code: 1  signal: null
13 info lifecycle exercise@1.0.0~dev: Failed to exec dev script
14 verbose stack Error: exercise@1.0.0 dev: `babel-node src/index.js`
14 verbose stack Exit status 1
14 verbose stack     at EventEmitter.<anonymous> (/usr/local/lib/node_modules/npm/lib/utils/lifecycle.js:242:16)
14 verbose stack     at emitTwo (events.js:106:13)
14 verbose stack     at EventEmitter.emit (events.js:191:7)
14 verbose stack     at ChildProcess.<anonymous> (/usr/local/lib/node_modules/npm/lib/utils/spawn.js:40:14)
14 verbose stack     at emitTwo (events.js:106:13)
14 verbose stack     at ChildProcess.emit (events.js:191:7)
14 verbose stack     at maybeClose (internal/child_process.js:852:16)
14 verbose stack     at Process.ChildProcess._handle.onexit (internal/child_process.js:215:5)
15 verbose pkgid exercise@1.0.0
16 verbose cwd /Users/ripzery/PhpStormProjects/basic_javascript_workshop/day2/exercise
17 error Darwin 16.0.0
18 error argv "/usr/local/bin/node" "/usr/local/bin/npm" "run" "dev"
19 error node v6.4.0
20 error npm  v3.10.3
21 error code ELIFECYCLE
22 error exercise@1.0.0 dev: `babel-node src/index.js`
22 error Exit status 1
23 error Failed at the exercise@1.0.0 dev script 'babel-node src/index.js'.
23 error Make sure you have the latest version of node.js and npm installed.
23 error If you do, this is most likely a problem with the exercise package,
23 error not with npm itself.
23 error Tell the author that this fails on your system:
23 error     babel-node src/index.js
23 error You can get information on how to open an issue for this project with:
23 error     npm bugs exercise
23 error Or if that isn't available, you can get their info via:
23 error     npm owner ls exercise
23 error There is likely additional logging output above.
24 verbose exit [ 1, true ]
